
6월 13, 2019 12:32:29.65 NEW SESSION
6월 13, 2019 12:32:29.65 [3212:4588:0613/123229.652:ERROR:browser_process_sub_thread.cc(217)] Waited 6 ms for network service

6월 14, 2019 11:25:03.89 NEW SESSION
6월 14, 2019 11:25:03.89 [5592:4680:0614/112503.893:ERROR:browser_process_sub_thread.cc(217)] Waited 48 ms for network service
6월 14, 2019 12:11:37.22 [9836:1796:0614/121137.228:ERROR:browser_process_sub_thread.cc(217)] Waited 160 ms for network service
6월 14, 2019 12:13:37.86 [9328:3984:0614/121337.868:ERROR:browser_process_sub_thread.cc(217)] Waited 132 ms for network service
6월 14, 2019 12:19:45.58 [8516:428:0614/121945.581:ERROR:browser_process_sub_thread.cc(217)] Waited 90 ms for network service
6월 14, 2019 15:12:57.01 [8932:7688:0614/151257.015:ERROR:browser_process_sub_thread.cc(217)] Waited 215 ms for network service
6월 14, 2019 15:30:18.99 [10736:11508:0614/153018.995:ERROR:browser_process_sub_thread.cc(217)] Waited 18 ms for network service
6월 14, 2019 15:48:27.01 [4488:6520:0614/154827.016:ERROR:platform_sensor_reader_win.cc(244)] NOT IMPLEMENTED

6월 18, 2019 10:50:03.35 NEW SESSION
6월 18, 2019 10:50:03.35 [8856:6404:0618/105003.355:ERROR:browser_process_sub_thread.cc(217)] Waited 18 ms for network service
6월 18, 2019 11:36:06.04 [4984:9760:0618/113606.045:ERROR:browser_process_sub_thread.cc(217)] Waited 10 ms for network service
6월 18, 2019 11:37:01.59 [9624:7384:0618/113701.597:ERROR:browser_process_sub_thread.cc(217)] Waited 123 ms for network service
6월 18, 2019 11:37:27.62 [9000:5948:0618/113727.622:ERROR:browser_process_sub_thread.cc(217)] Waited 122 ms for network service
6월 18, 2019 13:58:30.65 [5228:9816:0618/135830.655:ERROR:audio_manager_base.cc(363)] Invalid audio output parameters received; using fake audio path: format: 0, channel_layout: 0, channels: 0, sample_rate: 0, frames_per_buffer: 0, effects: 0, mic_positions: 
6월 18, 2019 13:58:37.36 [5228:9816:0618/135837.361:ERROR:audio_manager_base.cc(363)] Invalid audio output parameters received; using fake audio path: format: 0, channel_layout: 0, channels: 0, sample_rate: 0, frames_per_buffer: 0, effects: 0, mic_positions: 
6월 18, 2019 13:59:19.79 [5228:9816:0618/135919.796:ERROR:audio_manager_base.cc(363)] Invalid audio output parameters received; using fake audio path: format: 0, channel_layout: 0, channels: 0, sample_rate: 0, frames_per_buffer: 0, effects: 0, mic_positions: 
6월 18, 2019 14:25:05.62 [5228:9816:0618/142505.622:ERROR:audio_manager_base.cc(363)] Invalid audio output parameters received; using fake audio path: format: 0, channel_layout: 0, channels: 0, sample_rate: 0, frames_per_buffer: 0, effects: 0, mic_positions: 
6월 18, 2019 15:15:23.40 [5228:7136:0618/151523.402:ERROR:browser_process_sub_thread.cc(217)] Waited 153 ms for network service

6월 19, 2019 09:05:52.59 NEW SESSION
6월 19, 2019 09:05:52.59 [4368:1568:0619/090552.594:ERROR:browser_process_sub_thread.cc(217)] Waited 304 ms for network service
6월 19, 2019 09:22:23.07 [2032:6052:0619/092223.078:ERROR:browser_process_sub_thread.cc(217)] Waited 221 ms for network service
6월 19, 2019 09:24:00.61 [9336:9412:0619/092400.616:ERROR:browser_process_sub_thread.cc(217)] Waited 193 ms for network service
6월 19, 2019 10:42:19.88 [9764:9096:0619/104219.888:ERROR:textfield.cc(1773)] NOT IMPLEMENTED
6월 19, 2019 14:27:58.77 [9764:9100:0619/142758.777:ERROR:browser_process_sub_thread.cc(217)] Waited 168 ms for network service
6월 19, 2019 15:02:38.52 [6368:1060:0619/150238.520:ERROR:audio_manager_base.cc(363)] Invalid audio output parameters received; using fake audio path: format: 0, channel_layout: 0, channels: 0, sample_rate: 0, frames_per_buffer: 0, effects: 0, mic_positions: 
6월 19, 2019 15:03:15.10 [6368:1060:0619/150315.100:ERROR:audio_manager_base.cc(363)] Invalid audio output parameters received; using fake audio path: format: 0, channel_layout: 0, channels: 0, sample_rate: 0, frames_per_buffer: 0, effects: 0, mic_positions: 
6월 19, 2019 15:05:43.52 [6368:1060:0619/150543.524:ERROR:audio_manager_base.cc(363)] Invalid audio output parameters received; using fake audio path: format: 0, channel_layout: 0, channels: 0, sample_rate: 0, frames_per_buffer: 0, effects: 0, mic_positions: 
6월 19, 2019 15:10:25.87 [6368:1060:0619/151025.873:ERROR:audio_manager_base.cc(363)] Invalid audio output parameters received; using fake audio path: format: 0, channel_layout: 0, channels: 0, sample_rate: 0, frames_per_buffer: 0, effects: 0, mic_positions: 
6월 19, 2019 15:10:55.67 [6368:1060:0619/151055.672:ERROR:audio_manager_base.cc(363)] Invalid audio output parameters received; using fake audio path: format: 0, channel_layout: 0, channels: 0, sample_rate: 0, frames_per_buffer: 0, effects: 0, mic_positions: 
6월 19, 2019 15:18:55.56 [6368:1060:0619/151855.565:ERROR:audio_manager_base.cc(363)] Invalid audio output parameters received; using fake audio path: format: 0, channel_layout: 0, channels: 0, sample_rate: 0, frames_per_buffer: 0, effects: 0, mic_positions: 
6월 19, 2019 15:21:31.86 [6368:1060:0619/152131.860:ERROR:audio_manager_base.cc(363)] Invalid audio output parameters received; using fake audio path: format: 0, channel_layout: 0, channels: 0, sample_rate: 0, frames_per_buffer: 0, effects: 0, mic_positions: 
6월 19, 2019 15:23:22.62 [6368:1060:0619/152322.619:ERROR:audio_manager_base.cc(363)] Invalid audio output parameters received; using fake audio path: format: 0, channel_layout: 0, channels: 0, sample_rate: 0, frames_per_buffer: 0, effects: 0, mic_positions: 
6월 19, 2019 15:23:59.70 [6368:1060:0619/152359.703:ERROR:audio_manager_base.cc(363)] Invalid audio output parameters received; using fake audio path: format: 0, channel_layout: 0, channels: 0, sample_rate: 0, frames_per_buffer: 0, effects: 0, mic_positions: 
6월 19, 2019 15:24:45.09 [6368:1060:0619/152445.095:ERROR:audio_manager_base.cc(363)] Invalid audio output parameters received; using fake audio path: format: 0, channel_layout: 0, channels: 0, sample_rate: 0, frames_per_buffer: 0, effects: 0, mic_positions: 
6월 19, 2019 15:26:01.23 [6368:1060:0619/152601.231:ERROR:audio_manager_base.cc(363)] Invalid audio output parameters received; using fake audio path: format: 0, channel_layout: 0, channels: 0, sample_rate: 0, frames_per_buffer: 0, effects: 0, mic_positions: 
6월 19, 2019 15:26:25.17 [6368:1060:0619/152625.176:ERROR:audio_manager_base.cc(363)] Invalid audio output parameters received; using fake audio path: format: 0, channel_layout: 0, channels: 0, sample_rate: 0, frames_per_buffer: 0, effects: 0, mic_positions: 
6월 19, 2019 15:27:12.07 [6368:1060:0619/152712.071:ERROR:audio_manager_base.cc(363)] Invalid audio output parameters received; using fake audio path: format: 0, channel_layout: 0, channels: 0, sample_rate: 0, frames_per_buffer: 0, effects: 0, mic_positions: 
6월 19, 2019 15:29:40.75 [6368:1060:0619/152940.751:ERROR:audio_manager_base.cc(363)] Invalid audio output parameters received; using fake audio path: format: 0, channel_layout: 0, channels: 0, sample_rate: 0, frames_per_buffer: 0, effects: 0, mic_positions: 
6월 19, 2019 15:30:02.17 [6368:1060:0619/153002.173:ERROR:audio_manager_base.cc(363)] Invalid audio output parameters received; using fake audio path: format: 0, channel_layout: 0, channels: 0, sample_rate: 0, frames_per_buffer: 0, effects: 0, mic_positions: 
6월 19, 2019 15:30:34.44 [6368:1060:0619/153034.448:ERROR:audio_manager_base.cc(363)] Invalid audio output parameters received; using fake audio path: format: 0, channel_layout: 0, channels: 0, sample_rate: 0, frames_per_buffer: 0, effects: 0, mic_positions: 
6월 19, 2019 15:31:41.13 [6368:1060:0619/153141.137:ERROR:audio_manager_base.cc(363)] Invalid audio output parameters received; using fake audio path: format: 0, channel_layout: 0, channels: 0, sample_rate: 0, frames_per_buffer: 0, effects: 0, mic_positions: 
6월 19, 2019 15:32:01.04 [6368:1060:0619/153201.048:ERROR:audio_manager_base.cc(363)] Invalid audio output parameters received; using fake audio path: format: 0, channel_layout: 0, channels: 0, sample_rate: 0, frames_per_buffer: 0, effects: 0, mic_positions: 
6월 19, 2019 15:33:29.49 [6368:1060:0619/153329.495:ERROR:audio_manager_base.cc(363)] Invalid audio output parameters received; using fake audio path: format: 0, channel_layout: 0, channels: 0, sample_rate: 0, frames_per_buffer: 0, effects: 0, mic_positions: 
6월 19, 2019 15:35:17.88 [6368:1060:0619/153517.882:ERROR:audio_manager_base.cc(363)] Invalid audio output parameters received; using fake audio path: format: 0, channel_layout: 0, channels: 0, sample_rate: 0, frames_per_buffer: 0, effects: 0, mic_positions: 
6월 19, 2019 15:35:41.25 [6368:1060:0619/153541.255:ERROR:audio_manager_base.cc(363)] Invalid audio output parameters received; using fake audio path: format: 0, channel_layout: 0, channels: 0, sample_rate: 0, frames_per_buffer: 0, effects: 0, mic_positions: 
6월 19, 2019 15:36:32.73 [6368:1060:0619/153632.731:ERROR:audio_manager_base.cc(363)] Invalid audio output parameters received; using fake audio path: format: 0, channel_layout: 0, channels: 0, sample_rate: 0, frames_per_buffer: 0, effects: 0, mic_positions: 
6월 19, 2019 15:37:51.49 [6368:1060:0619/153751.490:ERROR:audio_manager_base.cc(363)] Invalid audio output parameters received; using fake audio path: format: 0, channel_layout: 0, channels: 0, sample_rate: 0, frames_per_buffer: 0, effects: 0, mic_positions: 
6월 19, 2019 15:39:40.21 [6368:1060:0619/153940.215:ERROR:audio_manager_base.cc(363)] Invalid audio output parameters received; using fake audio path: format: 0, channel_layout: 0, channels: 0, sample_rate: 0, frames_per_buffer: 0, effects: 0, mic_positions: 
6월 19, 2019 15:42:13.02 [6368:1060:0619/154213.021:ERROR:audio_manager_base.cc(363)] Invalid audio output parameters received; using fake audio path: format: 0, channel_layout: 0, channels: 0, sample_rate: 0, frames_per_buffer: 0, effects: 0, mic_positions: 
6월 19, 2019 15:42:19.27 [6368:1060:0619/154219.272:ERROR:audio_manager_base.cc(363)] Invalid audio output parameters received; using fake audio path: format: 0, channel_layout: 0, channels: 0, sample_rate: 0, frames_per_buffer: 0, effects: 0, mic_positions: 
6월 19, 2019 15:49:48.39 [6368:1060:0619/154948.390:ERROR:audio_manager_base.cc(363)] Invalid audio output parameters received; using fake audio path: format: 0, channel_layout: 0, channels: 0, sample_rate: 0, frames_per_buffer: 0, effects: 0, mic_positions: 

6월 20, 2019 10:51:37.34 NEW SESSION
6월 20, 2019 10:51:37.34 [7316:7396:0620/105137.340:ERROR:browser_process_sub_thread.cc(217)] Waited 129 ms for network service
6월 20, 2019 10:51:52.42 [8148:9996:0620/105152.407:ERROR:browser_process_sub_thread.cc(217)] Waited 138 ms for network service
6월 20, 2019 12:03:29.17 [9792:8268:0620/120329.175:ERROR:browser_process_sub_thread.cc(217)] Waited 174 ms for network service
6월 20, 2019 12:12:03.49 [6064:8756:0620/121203.494:ERROR:browser_process_sub_thread.cc(217)] Waited 104 ms for network service
6월 20, 2019 12:39:15.33 [9772:6532:0620/123915.337:ERROR:browser_process_sub_thread.cc(217)] Waited 103 ms for network service
6월 20, 2019 12:45:22.92 [9512:10164:0620/124522.922:ERROR:browser_process_sub_thread.cc(217)] Waited 44 ms for network service
6월 20, 2019 12:49:33.53 [6580:1676:0620/124933.534:ERROR:browser_process_sub_thread.cc(217)] Waited 142 ms for network service

6월 21, 2019 09:05:45.10 NEW SESSION
6월 21, 2019 09:05:45.10 [7656:1668:0621/090545.100:ERROR:browser_process_sub_thread.cc(217)] Waited 154 ms for network service
6월 21, 2019 09:06:28.48 [4436:4432:0621/090628.488:ERROR:browser_process_sub_thread.cc(217)] Waited 183 ms for network service
6월 21, 2019 09:26:15.16 [9860:7884:0621/092615.167:ERROR:browser_process_sub_thread.cc(217)] Waited 29 ms for network service
6월 21, 2019 09:43:28.65 [3336:964:0621/094328.654:ERROR:browser_process_sub_thread.cc(217)] Waited 150 ms for network service
6월 21, 2019 09:43:52.12 [4988:4808:0621/094352.122:ERROR:browser_process_sub_thread.cc(217)] Waited 195 ms for network service
6월 21, 2019 09:44:56.88 [1176:8736:0621/094456.880:ERROR:browser_process_sub_thread.cc(217)] Waited 167 ms for network service
6월 21, 2019 09:47:50.66 [5204:1624:0621/094750.663:ERROR:browser_process_sub_thread.cc(217)] Waited 45 ms for network service
6월 21, 2019 10:10:52.04 [4236:3064:0621/101052.048:ERROR:browser_process_sub_thread.cc(217)] Waited 127 ms for network service
6월 21, 2019 10:12:55.60 [6416:4452:0621/101255.609:ERROR:browser_process_sub_thread.cc(217)] Waited 133 ms for network service
6월 21, 2019 10:23:41.45 [1004:4940:0621/102341.459:ERROR:browser_process_sub_thread.cc(217)] Waited 125 ms for network service
6월 21, 2019 11:02:59.94 [672:8532:0621/110259.941:ERROR:browser_process_sub_thread.cc(217)] Waited 150 ms for network service
6월 21, 2019 11:30:31.76 [3572:3428:0621/113031.764:ERROR:browser_process_sub_thread.cc(217)] Waited 143 ms for network service
6월 21, 2019 11:30:47.48 [9332:4992:0621/113047.485:ERROR:browser_process_sub_thread.cc(217)] Waited 135 ms for network service
6월 21, 2019 11:40:46.15 [5324:6156:0621/114046.154:ERROR:browser_process_sub_thread.cc(217)] Waited 142 ms for network service
6월 21, 2019 12:27:47.61 [4644:3392:0621/122747.612:ERROR:browser_process_sub_thread.cc(217)] Waited 181 ms for network service
6월 21, 2019 12:34:51.09 [8764:5036:0621/123451.093:ERROR:browser_process_sub_thread.cc(217)] Waited 40 ms for network service
6월 21, 2019 12:42:19.21 [3776:3576:0621/124219.218:ERROR:browser_process_sub_thread.cc(217)] Waited 156 ms for network service

6월 25, 2019 11:11:44.11 NEW SESSION
6월 25, 2019 11:11:44.11 [1744:2976:0625/111144.119:ERROR:browser_process_sub_thread.cc(221)] Waited 47 ms for network service
6월 25, 2019 11:12:36.39 [9384:7472:0625/111236.399:ERROR:browser_process_sub_thread.cc(221)] Waited 35 ms for network service
6월 25, 2019 11:45:40.96 [8048:6360:0625/114540.969:ERROR:browser_process_sub_thread.cc(221)] Waited 53 ms for network service
6월 25, 2019 12:42:17.24 [7440:5428:0625/124217.245:ERROR:textfield.cc(1758)] NOT IMPLEMENTED
6월 25, 2019 13:53:50.94 [7440:1408:0625/135350.948:ERROR:browser_process_sub_thread.cc(221)] Waited 204 ms for network service
